<?xml version="1.0" encoding="UTF-8"?>
<testsuite name="com.jaewoo.book.springboot.web.IndexControllerTest" tests="1" skipped="0" failures="0" errors="0" timestamp="2021-10-12T08:13:09" hostname="gimjaeus-MacBook-Pro.local" time="0.196">
  <properties/>
  <testcase name="메인페이지_로딩" classname="com.jaewoo.book.springboot.web.IndexControllerTest" time="0.196"/>
  <system-out><![CDATA[2021-10-12 17:13:05.122  INFO 21503 --- [    Test worker] .b.t.c.SpringBootTestContextBootstrapper : Neither @ContextConfiguration nor @ContextHierarchy found for test class [com.jaewoo.book.springboot.web.IndexControllerTest], using SpringBootContextLoader
2021-10-12 17:13:05.123  INFO 21503 --- [    Test worker] o.s.t.c.support.AbstractContextLoader    : Could not detect default resource locations for test class [com.jaewoo.book.springboot.web.IndexControllerTest]: no resource found for suffixes {-context.xml, Context.groovy}.
2021-10-12 17:13:05.124  INFO 21503 --- [    Test worker] t.c.s.AnnotationConfigContextLoaderUtils : Could not detect default configuration classes for test class [com.jaewoo.book.springboot.web.IndexControllerTest]: IndexControllerTest does not declare any static, non-private, non-final, nested classes annotated with @Configuration.
2021-10-12 17:13:05.126  INFO 21503 --- [    Test worker] .b.t.c.SpringBootTestContextBootstrapper : Found @SpringBootConfiguration com.jaewoo.book.springboot.Application for test class com.jaewoo.book.springboot.web.IndexControllerTest
2021-10-12 17:13:05.128  INFO 21503 --- [    Test worker] .b.t.c.SpringBootTestContextBootstrapper : Loaded default TestExecutionListener class names from location [META-INF/spring.factories]: [org.springframework.security.test.context.support.WithSecurityContextTestExecutionListener, org.springframework.security.test.context.support.ReactorContextTestExecutionListener, org.springframework.boot.test.autoconfigure.restdocs.RestDocsTestExecutionListener, org.springframework.boot.test.autoconfigure.web.client.MockRestServiceServerResetTestExecutionListener, org.springframework.boot.test.autoconfigure.web.servlet.MockMvcPrintOnlyOnFailureTestExecutionListener, org.springframework.boot.test.autoconfigure.web.servlet.WebDriverTestExecutionListener, org.springframework.boot.test.mock.mockito.MockitoTestExecutionListener, org.springframework.boot.test.mock.mockito.ResetMocksTestExecutionListener, org.springframework.test.context.web.ServletTestExecutionListener, org.springframework.test.context.support.DirtiesContextBeforeModesTestExecutionListener, org.springframework.test.context.support.DependencyInjectionTestExecutionListener, org.springframework.test.context.support.DirtiesContextTestExecutionListener, org.springframework.test.context.transaction.TransactionalTestExecutionListener, org.springframework.test.context.jdbc.SqlScriptsTestExecutionListener]
2021-10-12 17:13:05.130  INFO 21503 --- [    Test worker] .b.t.c.SpringBootTestContextBootstrapper : Using TestExecutionListeners: [org.springframework.test.context.web.ServletTestExecutionListener@18316476, org.springframework.test.context.support.DirtiesContextBeforeModesTestExecutionListener@2d380039, org.springframework.boot.test.mock.mockito.MockitoTestExecutionListener@3dc8e7c6, org.springframework.boot.test.autoconfigure.SpringBootDependencyInjectionTestExecutionListener@2e1598c0, org.springframework.test.context.support.DirtiesContextTestExecutionListener@3d945ba0, org.springframework.test.context.transaction.TransactionalTestExecutionListener@5040bde3, org.springframework.test.context.jdbc.SqlScriptsTestExecutionListener@2acc96fa, org.springframework.security.test.context.support.WithSecurityContextTestExecutionListener@289dd8fb, org.springframework.security.test.context.support.ReactorContextTestExecutionListener@37cbdf13, org.springframework.boot.test.autoconfigure.restdocs.RestDocsTestExecutionListener@6231c3ac, org.springframework.boot.test.autoconfigure.web.client.MockRestServiceServerResetTestExecutionListener@2c04e256, org.springframework.boot.test.autoconfigure.web.servlet.MockMvcPrintOnlyOnFailureTestExecutionListener@6a18ad2d, org.springframework.boot.test.autoconfigure.web.servlet.WebDriverTestExecutionListener@3c2c43a, org.springframework.boot.test.mock.mockito.ResetMocksTestExecutionListener@6f824b4d]

  .   ____          _            __ _ _
 /\\ / ___'_ __ _ _(_)_ __  __ _ \ \ \ \
( ( )\___ | '_ | '_| | '_ \/ _` | \ \ \ \
 \\/  ___)| |_)| | | | | || (_| |  ) ) ) )
  '  |____| .__|_| |_|_| |_\__, | / / / /
 =========|_|==============|___/=/_/_/_/
 :: Spring Boot ::        (v2.1.7.RELEASE)

2021-10-12 17:13:05.180  INFO 21503 --- [    Test worker] c.j.b.s.web.IndexControllerTest          : Starting IndexControllerTest on gimjaeus-MacBook-Pro.local with PID 21503 (started by kimjaewoo in /Users/kimjaewoo/Desktop/Workspace/springboot_book)
2021-10-12 17:13:05.181  INFO 21503 --- [    Test worker] c.j.b.s.web.IndexControllerTest          : No active profile set, falling back to default profiles: default
2021-10-12 17:13:05.576  INFO 21503 --- [    Test worker] .s.d.r.c.RepositoryConfigurationDelegate : Bootstrapping Spring Data repositories in DEFAULT mode.
2021-10-12 17:13:05.682  INFO 21503 --- [    Test worker] .s.d.r.c.RepositoryConfigurationDelegate : Finished Spring Data repository scanning in 94ms. Found 2 repository interfaces.
2021-10-12 17:13:05.978  INFO 21503 --- [    Test worker] trationDelegate$BeanPostProcessorChecker : Bean 'org.springframework.transaction.annotation.ProxyTransactionManagementConfiguration' of type [org.springframework.transaction.annotation.ProxyTransactionManagementConfiguration$$EnhancerBySpringCGLIB$$651e2305] is not eligible for getting processed by all BeanPostProcessors (for example: not eligible for auto-proxying)
2021-10-12 17:13:06.300  INFO 21503 --- [    Test worker] o.s.b.w.embedded.tomcat.TomcatWebServer  : Tomcat initialized with port(s): 0 (http)
2021-10-12 17:13:06.333  INFO 21503 --- [    Test worker] o.apache.catalina.core.StandardService   : Starting service [Tomcat]
2021-10-12 17:13:06.334  INFO 21503 --- [    Test worker] org.apache.catalina.core.StandardEngine  : Starting Servlet engine: [Apache Tomcat/9.0.22]
2021-10-12 17:13:06.499  INFO 21503 --- [    Test worker] o.a.c.c.C.[Tomcat].[localhost].[/]       : Initializing Spring embedded WebApplicationContext
2021-10-12 17:13:06.499  INFO 21503 --- [    Test worker] o.s.web.context.ContextLoader            : Root WebApplicationContext: initialization completed in 1311 ms
2021-10-12 17:13:06.792  INFO 21503 --- [    Test worker] com.zaxxer.hikari.HikariDataSource       : HikariPool-1 - Starting...
2021-10-12 17:13:06.975  INFO 21503 --- [    Test worker] com.zaxxer.hikari.HikariDataSource       : HikariPool-1 - Start completed.
2021-10-12 17:13:07.069  INFO 21503 --- [    Test worker] o.hibernate.jpa.internal.util.LogHelper  : HHH000204: Processing PersistenceUnitInfo [
	name: default
	...]
2021-10-12 17:13:07.151  INFO 21503 --- [    Test worker] org.hibernate.Version                    : HHH000412: Hibernate Core {5.3.10.Final}
2021-10-12 17:13:07.154  INFO 21503 --- [    Test worker] org.hibernate.cfg.Environment            : HHH000206: hibernate.properties not found
2021-10-12 17:13:07.205  INFO 21503 --- [    Test worker] o.hibernate.annotations.common.Version   : HCANN000001: Hibernate Commons Annotations {5.0.4.Final}
2021-10-12 17:13:07.353  INFO 21503 --- [    Test worker] org.hibernate.dialect.Dialect            : HHH000400: Using dialect: org.hibernate.dialect.MySQL5InnoDBDialect
Hibernate: drop table if exists posts
Hibernate: drop table if exists user
Hibernate: create table posts (id bigint not null auto_increment, created_date datetime, modified_date datetime, author varchar(255), content TEXT not null, title varchar(500) not null, primary key (id)) engine=InnoDB
Hibernate: create table user (id bigint not null auto_increment, created_date datetime, modified_date datetime, email varchar(255) not null, name varchar(255) not null, picture varchar(255), role varchar(255) not null, primary key (id)) engine=InnoDB
2021-10-12 17:13:08.030  INFO 21503 --- [    Test worker] o.h.t.schema.internal.SchemaCreatorImpl  : HHH000476: Executing import script 'org.hibernate.tool.schema.internal.exec.ScriptSourceInputNonExistentImpl@34e9a127'
2021-10-12 17:13:08.033  INFO 21503 --- [    Test worker] j.LocalContainerEntityManagerFactoryBean : Initialized JPA EntityManagerFactory for persistence unit 'default'
2021-10-12 17:13:08.668  INFO 21503 --- [    Test worker] o.h.h.i.QueryTranslatorFactoryInitiator  : HHH000397: Using ASTQueryTranslatorFactory
2021-10-12 17:13:09.028  INFO 21503 --- [    Test worker] o.s.s.web.DefaultSecurityFilterChain     : Creating filter chain: any request, [org.springframework.security.web.context.request.async.WebAsyncManagerIntegrationFilter@5c8c8137, org.springframework.security.web.context.SecurityContextPersistenceFilter@7f6f06a6, org.springframework.security.web.header.HeaderWriterFilter@119894ab, org.springframework.security.web.authentication.logout.LogoutFilter@497e9cb, org.springframework.security.oauth2.client.web.OAuth2AuthorizationRequestRedirectFilter@d5561b1, org.springframework.security.oauth2.client.web.OAuth2LoginAuthenticationFilter@15047663, org.springframework.security.web.authentication.ui.DefaultLoginPageGeneratingFilter@34a8532, org.springframework.security.web.authentication.ui.DefaultLogoutPageGeneratingFilter@46f7c41d, org.springframework.security.web.savedrequest.RequestCacheAwareFilter@17181b39, org.springframework.security.web.servletapi.SecurityContextHolderAwareRequestFilter@4270e8bd, org.springframework.security.web.authentication.AnonymousAuthenticationFilter@168824d8, org.springframework.security.web.session.SessionManagementFilter@2e4de6df, org.springframework.security.web.access.ExceptionTranslationFilter@6fb0e5ef, org.springframework.security.web.access.intercept.FilterSecurityInterceptor@5f77c5a3]
2021-10-12 17:13:09.185  INFO 21503 --- [    Test worker] o.s.s.concurrent.ThreadPoolTaskExecutor  : Initializing ExecutorService 'applicationTaskExecutor'
2021-10-12 17:13:09.200  WARN 21503 --- [    Test worker] aWebConfiguration$JpaWebMvcConfiguration : spring.jpa.open-in-view is enabled by default. Therefore, database queries may be performed during view rendering. Explicitly configure spring.jpa.open-in-view to disable this warning
2021-10-12 17:13:09.226  INFO 21503 --- [    Test worker] o.s.b.a.w.s.WelcomePageHandlerMapping    : Adding welcome page template: index
2021-10-12 17:13:09.492  INFO 21503 --- [    Test worker] s.a.ScheduledAnnotationBeanPostProcessor : No TaskScheduler/ScheduledExecutorService bean found for scheduled processing
2021-10-12 17:13:09.512  INFO 21503 --- [    Test worker] o.s.b.w.embedded.tomcat.TomcatWebServer  : Tomcat started on port(s): 53885 (http) with context path ''
2021-10-12 17:13:09.514  INFO 21503 --- [    Test worker] c.j.b.s.web.IndexControllerTest          : Started IndexControllerTest in 4.382 seconds (JVM running for 9.182)
2021-10-12 17:13:09.604  INFO 21503 --- [o-auto-1-exec-1] o.a.c.c.C.[Tomcat].[localhost].[/]       : Initializing Spring DispatcherServlet 'dispatcherServlet'
2021-10-12 17:13:09.605  INFO 21503 --- [o-auto-1-exec-1] o.s.web.servlet.DispatcherServlet        : Initializing Servlet 'dispatcherServlet'
2021-10-12 17:13:09.619  INFO 21503 --- [o-auto-1-exec-1] o.s.web.servlet.DispatcherServlet        : Completed initialization in 14 ms
Hibernate: select posts0_.id as id1_0_, posts0_.created_date as created_2_0_, posts0_.modified_date as modified3_0_, posts0_.author as author4_0_, posts0_.content as content5_0_, posts0_.title as title6_0_ from posts posts0_ order by posts0_.id DESC
]]></system-out>
  <system-err><![CDATA[]]></system-err>
</testsuite>
